\begin{center}
\begin{tikzpicture}

\draw (1.25, -0.25)
  node[draw, line width=0.02cm, , color=black,
       rounded corners=0cm, inner sep=0cm] {

\begin{minipage}[t][0.5cm]{2.5cm}
\mbox{}

\end{minipage}

};\draw (1.25, -0.25) node[color=black] {{\texttt{{\vphantom{$\text{ \scriptsize{ \( x \pmod{26} \) }}$$\text{ \scriptsize{ \( x^{-1} \pmod{26} \) } }${\scriptsize 0}{\scriptsize 1}{\scriptsize 2}{\scriptsize 3}{\scriptsize 4}{\scriptsize 5}{\scriptsize 6}{\scriptsize 7}{\scriptsize 8}{\scriptsize 9}{\scriptsize 10}{\scriptsize 11}{\scriptsize 12}{\scriptsize 13}{\scriptsize 14}{\scriptsize 15}{\scriptsize 16}{\scriptsize 17}{\scriptsize 18}{\scriptsize 19}{\scriptsize 20}{\scriptsize 21}{\scriptsize 22}{\scriptsize 23}{\scriptsize 24}{\scriptsize 25}{\scriptsize None}}$\text{ \scriptsize{ \( x \pmod{26} \) }}$}}}};\node[anchor=south] at (1.25,0.01) {};\node[anchor=east] at (-0.01,-0.25) {};
\draw (1.2499999999999998, -0.25)
  node[draw, line width=0.06cm, , color=black,
       rounded corners=0cm, inner sep=0cm] {

\begin{minipage}[t][0.52cm]{2.52cm}
\mbox{}

\end{minipage}

};
\draw (3.75, -0.25)
  node[draw, line width=0.02cm, , color=black,
       rounded corners=0cm, inner sep=0cm] {

\begin{minipage}[t][0.5cm]{2.5cm}
\mbox{}

\end{minipage}

};\draw (3.75, -0.25) node[color=black] {{\texttt{{\vphantom{$\text{ \scriptsize{ \( x \pmod{26} \) }}$$\text{ \scriptsize{ \( x^{-1} \pmod{26} \) } }${\scriptsize 0}{\scriptsize 1}{\scriptsize 2}{\scriptsize 3}{\scriptsize 4}{\scriptsize 5}{\scriptsize 6}{\scriptsize 7}{\scriptsize 8}{\scriptsize 9}{\scriptsize 10}{\scriptsize 11}{\scriptsize 12}{\scriptsize 13}{\scriptsize 14}{\scriptsize 15}{\scriptsize 16}{\scriptsize 17}{\scriptsize 18}{\scriptsize 19}{\scriptsize 20}{\scriptsize 21}{\scriptsize 22}{\scriptsize 23}{\scriptsize 24}{\scriptsize 25}{\scriptsize None}}$\text{ \scriptsize{ \( x^{-1} \pmod{26} \) } }$}}}};\node[anchor=south] at (3.75,0.01) {};\node[anchor=east] at (2.49,-0.25) {};
\draw (3.75, -0.25)
  node[draw, line width=0.06cm, , color=black,
       rounded corners=0cm, inner sep=0cm] {

\begin{minipage}[t][0.52cm]{2.52cm}
\mbox{}

\end{minipage}

};
\draw (1.25, -0.75)
  node[draw, line width=0.02cm, , color=black,
       rounded corners=0cm, inner sep=0cm] {

\begin{minipage}[t][0.5cm]{2.5cm}
\mbox{}

\end{minipage}

};\draw (1.25, -0.75) node[color=black] {{\texttt{{\vphantom{$\text{ \scriptsize{ \( x \pmod{26} \) }}$$\text{ \scriptsize{ \( x^{-1} \pmod{26} \) } }${\scriptsize 0}{\scriptsize 1}{\scriptsize 2}{\scriptsize 3}{\scriptsize 4}{\scriptsize 5}{\scriptsize 6}{\scriptsize 7}{\scriptsize 8}{\scriptsize 9}{\scriptsize 10}{\scriptsize 11}{\scriptsize 12}{\scriptsize 13}{\scriptsize 14}{\scriptsize 15}{\scriptsize 16}{\scriptsize 17}{\scriptsize 18}{\scriptsize 19}{\scriptsize 20}{\scriptsize 21}{\scriptsize 22}{\scriptsize 23}{\scriptsize 24}{\scriptsize 25}{\scriptsize None}}{\scriptsize 0}}}}};
\draw (1.25, -1.25)
  node[draw, line width=0.02cm, , color=black,
       rounded corners=0cm, inner sep=0cm] {

\begin{minipage}[t][0.5cm]{2.5cm}
\mbox{}

\end{minipage}

};\draw (1.25, -1.25) node[color=black] {{\texttt{{\vphantom{$\text{ \scriptsize{ \( x \pmod{26} \) }}$$\text{ \scriptsize{ \( x^{-1} \pmod{26} \) } }${\scriptsize 0}{\scriptsize 1}{\scriptsize 2}{\scriptsize 3}{\scriptsize 4}{\scriptsize 5}{\scriptsize 6}{\scriptsize 7}{\scriptsize 8}{\scriptsize 9}{\scriptsize 10}{\scriptsize 11}{\scriptsize 12}{\scriptsize 13}{\scriptsize 14}{\scriptsize 15}{\scriptsize 16}{\scriptsize 17}{\scriptsize 18}{\scriptsize 19}{\scriptsize 20}{\scriptsize 21}{\scriptsize 22}{\scriptsize 23}{\scriptsize 24}{\scriptsize 25}{\scriptsize None}}{\scriptsize 1}}}}};
\draw (1.25, -1.75)
  node[draw, line width=0.02cm, , color=black,
       rounded corners=0cm, inner sep=0cm] {

\begin{minipage}[t][0.5cm]{2.5cm}
\mbox{}

\end{minipage}

};\draw (1.25, -1.75) node[color=black] {{\texttt{{\vphantom{$\text{ \scriptsize{ \( x \pmod{26} \) }}$$\text{ \scriptsize{ \( x^{-1} \pmod{26} \) } }${\scriptsize 0}{\scriptsize 1}{\scriptsize 2}{\scriptsize 3}{\scriptsize 4}{\scriptsize 5}{\scriptsize 6}{\scriptsize 7}{\scriptsize 8}{\scriptsize 9}{\scriptsize 10}{\scriptsize 11}{\scriptsize 12}{\scriptsize 13}{\scriptsize 14}{\scriptsize 15}{\scriptsize 16}{\scriptsize 17}{\scriptsize 18}{\scriptsize 19}{\scriptsize 20}{\scriptsize 21}{\scriptsize 22}{\scriptsize 23}{\scriptsize 24}{\scriptsize 25}{\scriptsize None}}{\scriptsize 2}}}}};
\draw (1.25, -2.25)
  node[draw, line width=0.02cm, , color=black,
       rounded corners=0cm, inner sep=0cm] {

\begin{minipage}[t][0.5cm]{2.5cm}
\mbox{}

\end{minipage}

};\draw (1.25, -2.25) node[color=black] {{\texttt{{\vphantom{$\text{ \scriptsize{ \( x \pmod{26} \) }}$$\text{ \scriptsize{ \( x^{-1} \pmod{26} \) } }${\scriptsize 0}{\scriptsize 1}{\scriptsize 2}{\scriptsize 3}{\scriptsize 4}{\scriptsize 5}{\scriptsize 6}{\scriptsize 7}{\scriptsize 8}{\scriptsize 9}{\scriptsize 10}{\scriptsize 11}{\scriptsize 12}{\scriptsize 13}{\scriptsize 14}{\scriptsize 15}{\scriptsize 16}{\scriptsize 17}{\scriptsize 18}{\scriptsize 19}{\scriptsize 20}{\scriptsize 21}{\scriptsize 22}{\scriptsize 23}{\scriptsize 24}{\scriptsize 25}{\scriptsize None}}{\scriptsize 3}}}}};
\draw (1.25, -2.75)
  node[draw, line width=0.02cm, , color=black,
       rounded corners=0cm, inner sep=0cm] {

\begin{minipage}[t][0.5cm]{2.5cm}
\mbox{}

\end{minipage}

};\draw (1.25, -2.75) node[color=black] {{\texttt{{\vphantom{$\text{ \scriptsize{ \( x \pmod{26} \) }}$$\text{ \scriptsize{ \( x^{-1} \pmod{26} \) } }${\scriptsize 0}{\scriptsize 1}{\scriptsize 2}{\scriptsize 3}{\scriptsize 4}{\scriptsize 5}{\scriptsize 6}{\scriptsize 7}{\scriptsize 8}{\scriptsize 9}{\scriptsize 10}{\scriptsize 11}{\scriptsize 12}{\scriptsize 13}{\scriptsize 14}{\scriptsize 15}{\scriptsize 16}{\scriptsize 17}{\scriptsize 18}{\scriptsize 19}{\scriptsize 20}{\scriptsize 21}{\scriptsize 22}{\scriptsize 23}{\scriptsize 24}{\scriptsize 25}{\scriptsize None}}{\scriptsize 4}}}}};
\draw (1.25, -3.25)
  node[draw, line width=0.02cm, , color=black,
       rounded corners=0cm, inner sep=0cm] {

\begin{minipage}[t][0.5cm]{2.5cm}
\mbox{}

\end{minipage}

};\draw (1.25, -3.25) node[color=black] {{\texttt{{\vphantom{$\text{ \scriptsize{ \( x \pmod{26} \) }}$$\text{ \scriptsize{ \( x^{-1} \pmod{26} \) } }${\scriptsize 0}{\scriptsize 1}{\scriptsize 2}{\scriptsize 3}{\scriptsize 4}{\scriptsize 5}{\scriptsize 6}{\scriptsize 7}{\scriptsize 8}{\scriptsize 9}{\scriptsize 10}{\scriptsize 11}{\scriptsize 12}{\scriptsize 13}{\scriptsize 14}{\scriptsize 15}{\scriptsize 16}{\scriptsize 17}{\scriptsize 18}{\scriptsize 19}{\scriptsize 20}{\scriptsize 21}{\scriptsize 22}{\scriptsize 23}{\scriptsize 24}{\scriptsize 25}{\scriptsize None}}{\scriptsize 5}}}}};
\draw (1.25, -3.75)
  node[draw, line width=0.02cm, , color=black,
       rounded corners=0cm, inner sep=0cm] {

\begin{minipage}[t][0.5cm]{2.5cm}
\mbox{}

\end{minipage}

};\draw (1.25, -3.75) node[color=black] {{\texttt{{\vphantom{$\text{ \scriptsize{ \( x \pmod{26} \) }}$$\text{ \scriptsize{ \( x^{-1} \pmod{26} \) } }${\scriptsize 0}{\scriptsize 1}{\scriptsize 2}{\scriptsize 3}{\scriptsize 4}{\scriptsize 5}{\scriptsize 6}{\scriptsize 7}{\scriptsize 8}{\scriptsize 9}{\scriptsize 10}{\scriptsize 11}{\scriptsize 12}{\scriptsize 13}{\scriptsize 14}{\scriptsize 15}{\scriptsize 16}{\scriptsize 17}{\scriptsize 18}{\scriptsize 19}{\scriptsize 20}{\scriptsize 21}{\scriptsize 22}{\scriptsize 23}{\scriptsize 24}{\scriptsize 25}{\scriptsize None}}{\scriptsize 6}}}}};
\draw (1.25, -4.25)
  node[draw, line width=0.02cm, , color=black,
       rounded corners=0cm, inner sep=0cm] {

\begin{minipage}[t][0.5cm]{2.5cm}
\mbox{}

\end{minipage}

};\draw (1.25, -4.25) node[color=black] {{\texttt{{\vphantom{$\text{ \scriptsize{ \( x \pmod{26} \) }}$$\text{ \scriptsize{ \( x^{-1} \pmod{26} \) } }${\scriptsize 0}{\scriptsize 1}{\scriptsize 2}{\scriptsize 3}{\scriptsize 4}{\scriptsize 5}{\scriptsize 6}{\scriptsize 7}{\scriptsize 8}{\scriptsize 9}{\scriptsize 10}{\scriptsize 11}{\scriptsize 12}{\scriptsize 13}{\scriptsize 14}{\scriptsize 15}{\scriptsize 16}{\scriptsize 17}{\scriptsize 18}{\scriptsize 19}{\scriptsize 20}{\scriptsize 21}{\scriptsize 22}{\scriptsize 23}{\scriptsize 24}{\scriptsize 25}{\scriptsize None}}{\scriptsize 7}}}}};
\draw (1.25, -4.75)
  node[draw, line width=0.02cm, , color=black,
       rounded corners=0cm, inner sep=0cm] {

\begin{minipage}[t][0.5cm]{2.5cm}
\mbox{}

\end{minipage}

};\draw (1.25, -4.75) node[color=black] {{\texttt{{\vphantom{$\text{ \scriptsize{ \( x \pmod{26} \) }}$$\text{ \scriptsize{ \( x^{-1} \pmod{26} \) } }${\scriptsize 0}{\scriptsize 1}{\scriptsize 2}{\scriptsize 3}{\scriptsize 4}{\scriptsize 5}{\scriptsize 6}{\scriptsize 7}{\scriptsize 8}{\scriptsize 9}{\scriptsize 10}{\scriptsize 11}{\scriptsize 12}{\scriptsize 13}{\scriptsize 14}{\scriptsize 15}{\scriptsize 16}{\scriptsize 17}{\scriptsize 18}{\scriptsize 19}{\scriptsize 20}{\scriptsize 21}{\scriptsize 22}{\scriptsize 23}{\scriptsize 24}{\scriptsize 25}{\scriptsize None}}{\scriptsize 8}}}}};
\draw (1.25, -5.25)
  node[draw, line width=0.02cm, , color=black,
       rounded corners=0cm, inner sep=0cm] {

\begin{minipage}[t][0.5cm]{2.5cm}
\mbox{}

\end{minipage}

};\draw (1.25, -5.25) node[color=black] {{\texttt{{\vphantom{$\text{ \scriptsize{ \( x \pmod{26} \) }}$$\text{ \scriptsize{ \( x^{-1} \pmod{26} \) } }${\scriptsize 0}{\scriptsize 1}{\scriptsize 2}{\scriptsize 3}{\scriptsize 4}{\scriptsize 5}{\scriptsize 6}{\scriptsize 7}{\scriptsize 8}{\scriptsize 9}{\scriptsize 10}{\scriptsize 11}{\scriptsize 12}{\scriptsize 13}{\scriptsize 14}{\scriptsize 15}{\scriptsize 16}{\scriptsize 17}{\scriptsize 18}{\scriptsize 19}{\scriptsize 20}{\scriptsize 21}{\scriptsize 22}{\scriptsize 23}{\scriptsize 24}{\scriptsize 25}{\scriptsize None}}{\scriptsize 9}}}}};
\draw (1.25, -5.75)
  node[draw, line width=0.02cm, , color=black,
       rounded corners=0cm, inner sep=0cm] {

\begin{minipage}[t][0.5cm]{2.5cm}
\mbox{}

\end{minipage}

};\draw (1.25, -5.75) node[color=black] {{\texttt{{\vphantom{$\text{ \scriptsize{ \( x \pmod{26} \) }}$$\text{ \scriptsize{ \( x^{-1} \pmod{26} \) } }${\scriptsize 0}{\scriptsize 1}{\scriptsize 2}{\scriptsize 3}{\scriptsize 4}{\scriptsize 5}{\scriptsize 6}{\scriptsize 7}{\scriptsize 8}{\scriptsize 9}{\scriptsize 10}{\scriptsize 11}{\scriptsize 12}{\scriptsize 13}{\scriptsize 14}{\scriptsize 15}{\scriptsize 16}{\scriptsize 17}{\scriptsize 18}{\scriptsize 19}{\scriptsize 20}{\scriptsize 21}{\scriptsize 22}{\scriptsize 23}{\scriptsize 24}{\scriptsize 25}{\scriptsize None}}{\scriptsize 10}}}}};
\draw (1.25, -6.25)
  node[draw, line width=0.02cm, , color=black,
       rounded corners=0cm, inner sep=0cm] {

\begin{minipage}[t][0.5cm]{2.5cm}
\mbox{}

\end{minipage}

};\draw (1.25, -6.25) node[color=black] {{\texttt{{\vphantom{$\text{ \scriptsize{ \( x \pmod{26} \) }}$$\text{ \scriptsize{ \( x^{-1} \pmod{26} \) } }${\scriptsize 0}{\scriptsize 1}{\scriptsize 2}{\scriptsize 3}{\scriptsize 4}{\scriptsize 5}{\scriptsize 6}{\scriptsize 7}{\scriptsize 8}{\scriptsize 9}{\scriptsize 10}{\scriptsize 11}{\scriptsize 12}{\scriptsize 13}{\scriptsize 14}{\scriptsize 15}{\scriptsize 16}{\scriptsize 17}{\scriptsize 18}{\scriptsize 19}{\scriptsize 20}{\scriptsize 21}{\scriptsize 22}{\scriptsize 23}{\scriptsize 24}{\scriptsize 25}{\scriptsize None}}{\scriptsize 11}}}}};
\draw (1.25, -6.75)
  node[draw, line width=0.02cm, , color=black,
       rounded corners=0cm, inner sep=0cm] {

\begin{minipage}[t][0.5cm]{2.5cm}
\mbox{}

\end{minipage}

};\draw (1.25, -6.75) node[color=black] {{\texttt{{\vphantom{$\text{ \scriptsize{ \( x \pmod{26} \) }}$$\text{ \scriptsize{ \( x^{-1} \pmod{26} \) } }${\scriptsize 0}{\scriptsize 1}{\scriptsize 2}{\scriptsize 3}{\scriptsize 4}{\scriptsize 5}{\scriptsize 6}{\scriptsize 7}{\scriptsize 8}{\scriptsize 9}{\scriptsize 10}{\scriptsize 11}{\scriptsize 12}{\scriptsize 13}{\scriptsize 14}{\scriptsize 15}{\scriptsize 16}{\scriptsize 17}{\scriptsize 18}{\scriptsize 19}{\scriptsize 20}{\scriptsize 21}{\scriptsize 22}{\scriptsize 23}{\scriptsize 24}{\scriptsize 25}{\scriptsize None}}{\scriptsize 12}}}}};
\draw (1.25, -7.25)
  node[draw, line width=0.02cm, , color=black,
       rounded corners=0cm, inner sep=0cm] {

\begin{minipage}[t][0.5cm]{2.5cm}
\mbox{}

\end{minipage}

};\draw (1.25, -7.25) node[color=black] {{\texttt{{\vphantom{$\text{ \scriptsize{ \( x \pmod{26} \) }}$$\text{ \scriptsize{ \( x^{-1} \pmod{26} \) } }${\scriptsize 0}{\scriptsize 1}{\scriptsize 2}{\scriptsize 3}{\scriptsize 4}{\scriptsize 5}{\scriptsize 6}{\scriptsize 7}{\scriptsize 8}{\scriptsize 9}{\scriptsize 10}{\scriptsize 11}{\scriptsize 12}{\scriptsize 13}{\scriptsize 14}{\scriptsize 15}{\scriptsize 16}{\scriptsize 17}{\scriptsize 18}{\scriptsize 19}{\scriptsize 20}{\scriptsize 21}{\scriptsize 22}{\scriptsize 23}{\scriptsize 24}{\scriptsize 25}{\scriptsize None}}{\scriptsize 13}}}}};
\draw (1.25, -7.75)
  node[draw, line width=0.02cm, , color=black,
       rounded corners=0cm, inner sep=0cm] {

\begin{minipage}[t][0.5cm]{2.5cm}
\mbox{}

\end{minipage}

};\draw (1.25, -7.75) node[color=black] {{\texttt{{\vphantom{$\text{ \scriptsize{ \( x \pmod{26} \) }}$$\text{ \scriptsize{ \( x^{-1} \pmod{26} \) } }${\scriptsize 0}{\scriptsize 1}{\scriptsize 2}{\scriptsize 3}{\scriptsize 4}{\scriptsize 5}{\scriptsize 6}{\scriptsize 7}{\scriptsize 8}{\scriptsize 9}{\scriptsize 10}{\scriptsize 11}{\scriptsize 12}{\scriptsize 13}{\scriptsize 14}{\scriptsize 15}{\scriptsize 16}{\scriptsize 17}{\scriptsize 18}{\scriptsize 19}{\scriptsize 20}{\scriptsize 21}{\scriptsize 22}{\scriptsize 23}{\scriptsize 24}{\scriptsize 25}{\scriptsize None}}{\scriptsize 14}}}}};
\draw (1.25, -8.25)
  node[draw, line width=0.02cm, , color=black,
       rounded corners=0cm, inner sep=0cm] {

\begin{minipage}[t][0.5cm]{2.5cm}
\mbox{}

\end{minipage}

};\draw (1.25, -8.25) node[color=black] {{\texttt{{\vphantom{$\text{ \scriptsize{ \( x \pmod{26} \) }}$$\text{ \scriptsize{ \( x^{-1} \pmod{26} \) } }${\scriptsize 0}{\scriptsize 1}{\scriptsize 2}{\scriptsize 3}{\scriptsize 4}{\scriptsize 5}{\scriptsize 6}{\scriptsize 7}{\scriptsize 8}{\scriptsize 9}{\scriptsize 10}{\scriptsize 11}{\scriptsize 12}{\scriptsize 13}{\scriptsize 14}{\scriptsize 15}{\scriptsize 16}{\scriptsize 17}{\scriptsize 18}{\scriptsize 19}{\scriptsize 20}{\scriptsize 21}{\scriptsize 22}{\scriptsize 23}{\scriptsize 24}{\scriptsize 25}{\scriptsize None}}{\scriptsize 15}}}}};
\draw (1.25, -8.75)
  node[draw, line width=0.02cm, , color=black,
       rounded corners=0cm, inner sep=0cm] {

\begin{minipage}[t][0.5cm]{2.5cm}
\mbox{}

\end{minipage}

};\draw (1.25, -8.75) node[color=black] {{\texttt{{\vphantom{$\text{ \scriptsize{ \( x \pmod{26} \) }}$$\text{ \scriptsize{ \( x^{-1} \pmod{26} \) } }${\scriptsize 0}{\scriptsize 1}{\scriptsize 2}{\scriptsize 3}{\scriptsize 4}{\scriptsize 5}{\scriptsize 6}{\scriptsize 7}{\scriptsize 8}{\scriptsize 9}{\scriptsize 10}{\scriptsize 11}{\scriptsize 12}{\scriptsize 13}{\scriptsize 14}{\scriptsize 15}{\scriptsize 16}{\scriptsize 17}{\scriptsize 18}{\scriptsize 19}{\scriptsize 20}{\scriptsize 21}{\scriptsize 22}{\scriptsize 23}{\scriptsize 24}{\scriptsize 25}{\scriptsize None}}{\scriptsize 16}}}}};
\draw (1.25, -9.25)
  node[draw, line width=0.02cm, , color=black,
       rounded corners=0cm, inner sep=0cm] {

\begin{minipage}[t][0.5cm]{2.5cm}
\mbox{}

\end{minipage}

};\draw (1.25, -9.25) node[color=black] {{\texttt{{\vphantom{$\text{ \scriptsize{ \( x \pmod{26} \) }}$$\text{ \scriptsize{ \( x^{-1} \pmod{26} \) } }${\scriptsize 0}{\scriptsize 1}{\scriptsize 2}{\scriptsize 3}{\scriptsize 4}{\scriptsize 5}{\scriptsize 6}{\scriptsize 7}{\scriptsize 8}{\scriptsize 9}{\scriptsize 10}{\scriptsize 11}{\scriptsize 12}{\scriptsize 13}{\scriptsize 14}{\scriptsize 15}{\scriptsize 16}{\scriptsize 17}{\scriptsize 18}{\scriptsize 19}{\scriptsize 20}{\scriptsize 21}{\scriptsize 22}{\scriptsize 23}{\scriptsize 24}{\scriptsize 25}{\scriptsize None}}{\scriptsize 17}}}}};
\draw (1.25, -9.75)
  node[draw, line width=0.02cm, , color=black,
       rounded corners=0cm, inner sep=0cm] {

\begin{minipage}[t][0.5cm]{2.5cm}
\mbox{}

\end{minipage}

};\draw (1.25, -9.75) node[color=black] {{\texttt{{\vphantom{$\text{ \scriptsize{ \( x \pmod{26} \) }}$$\text{ \scriptsize{ \( x^{-1} \pmod{26} \) } }${\scriptsize 0}{\scriptsize 1}{\scriptsize 2}{\scriptsize 3}{\scriptsize 4}{\scriptsize 5}{\scriptsize 6}{\scriptsize 7}{\scriptsize 8}{\scriptsize 9}{\scriptsize 10}{\scriptsize 11}{\scriptsize 12}{\scriptsize 13}{\scriptsize 14}{\scriptsize 15}{\scriptsize 16}{\scriptsize 17}{\scriptsize 18}{\scriptsize 19}{\scriptsize 20}{\scriptsize 21}{\scriptsize 22}{\scriptsize 23}{\scriptsize 24}{\scriptsize 25}{\scriptsize None}}{\scriptsize 18}}}}};
\draw (1.25, -10.25)
  node[draw, line width=0.02cm, , color=black,
       rounded corners=0cm, inner sep=0cm] {

\begin{minipage}[t][0.5cm]{2.5cm}
\mbox{}

\end{minipage}

};\draw (1.25, -10.25) node[color=black] {{\texttt{{\vphantom{$\text{ \scriptsize{ \( x \pmod{26} \) }}$$\text{ \scriptsize{ \( x^{-1} \pmod{26} \) } }${\scriptsize 0}{\scriptsize 1}{\scriptsize 2}{\scriptsize 3}{\scriptsize 4}{\scriptsize 5}{\scriptsize 6}{\scriptsize 7}{\scriptsize 8}{\scriptsize 9}{\scriptsize 10}{\scriptsize 11}{\scriptsize 12}{\scriptsize 13}{\scriptsize 14}{\scriptsize 15}{\scriptsize 16}{\scriptsize 17}{\scriptsize 18}{\scriptsize 19}{\scriptsize 20}{\scriptsize 21}{\scriptsize 22}{\scriptsize 23}{\scriptsize 24}{\scriptsize 25}{\scriptsize None}}{\scriptsize 19}}}}};
\draw (1.25, -10.75)
  node[draw, line width=0.02cm, , color=black,
       rounded corners=0cm, inner sep=0cm] {

\begin{minipage}[t][0.5cm]{2.5cm}
\mbox{}

\end{minipage}

};\draw (1.25, -10.75) node[color=black] {{\texttt{{\vphantom{$\text{ \scriptsize{ \( x \pmod{26} \) }}$$\text{ \scriptsize{ \( x^{-1} \pmod{26} \) } }${\scriptsize 0}{\scriptsize 1}{\scriptsize 2}{\scriptsize 3}{\scriptsize 4}{\scriptsize 5}{\scriptsize 6}{\scriptsize 7}{\scriptsize 8}{\scriptsize 9}{\scriptsize 10}{\scriptsize 11}{\scriptsize 12}{\scriptsize 13}{\scriptsize 14}{\scriptsize 15}{\scriptsize 16}{\scriptsize 17}{\scriptsize 18}{\scriptsize 19}{\scriptsize 20}{\scriptsize 21}{\scriptsize 22}{\scriptsize 23}{\scriptsize 24}{\scriptsize 25}{\scriptsize None}}{\scriptsize 20}}}}};
\draw (1.25, -11.25)
  node[draw, line width=0.02cm, , color=black,
       rounded corners=0cm, inner sep=0cm] {

\begin{minipage}[t][0.5cm]{2.5cm}
\mbox{}

\end{minipage}

};\draw (1.25, -11.25) node[color=black] {{\texttt{{\vphantom{$\text{ \scriptsize{ \( x \pmod{26} \) }}$$\text{ \scriptsize{ \( x^{-1} \pmod{26} \) } }${\scriptsize 0}{\scriptsize 1}{\scriptsize 2}{\scriptsize 3}{\scriptsize 4}{\scriptsize 5}{\scriptsize 6}{\scriptsize 7}{\scriptsize 8}{\scriptsize 9}{\scriptsize 10}{\scriptsize 11}{\scriptsize 12}{\scriptsize 13}{\scriptsize 14}{\scriptsize 15}{\scriptsize 16}{\scriptsize 17}{\scriptsize 18}{\scriptsize 19}{\scriptsize 20}{\scriptsize 21}{\scriptsize 22}{\scriptsize 23}{\scriptsize 24}{\scriptsize 25}{\scriptsize None}}{\scriptsize 21}}}}};
\draw (1.25, -11.75)
  node[draw, line width=0.02cm, , color=black,
       rounded corners=0cm, inner sep=0cm] {

\begin{minipage}[t][0.5cm]{2.5cm}
\mbox{}

\end{minipage}

};\draw (1.25, -11.75) node[color=black] {{\texttt{{\vphantom{$\text{ \scriptsize{ \( x \pmod{26} \) }}$$\text{ \scriptsize{ \( x^{-1} \pmod{26} \) } }${\scriptsize 0}{\scriptsize 1}{\scriptsize 2}{\scriptsize 3}{\scriptsize 4}{\scriptsize 5}{\scriptsize 6}{\scriptsize 7}{\scriptsize 8}{\scriptsize 9}{\scriptsize 10}{\scriptsize 11}{\scriptsize 12}{\scriptsize 13}{\scriptsize 14}{\scriptsize 15}{\scriptsize 16}{\scriptsize 17}{\scriptsize 18}{\scriptsize 19}{\scriptsize 20}{\scriptsize 21}{\scriptsize 22}{\scriptsize 23}{\scriptsize 24}{\scriptsize 25}{\scriptsize None}}{\scriptsize 22}}}}};
\draw (1.25, -12.25)
  node[draw, line width=0.02cm, , color=black,
       rounded corners=0cm, inner sep=0cm] {

\begin{minipage}[t][0.5cm]{2.5cm}
\mbox{}

\end{minipage}

};\draw (1.25, -12.25) node[color=black] {{\texttt{{\vphantom{$\text{ \scriptsize{ \( x \pmod{26} \) }}$$\text{ \scriptsize{ \( x^{-1} \pmod{26} \) } }${\scriptsize 0}{\scriptsize 1}{\scriptsize 2}{\scriptsize 3}{\scriptsize 4}{\scriptsize 5}{\scriptsize 6}{\scriptsize 7}{\scriptsize 8}{\scriptsize 9}{\scriptsize 10}{\scriptsize 11}{\scriptsize 12}{\scriptsize 13}{\scriptsize 14}{\scriptsize 15}{\scriptsize 16}{\scriptsize 17}{\scriptsize 18}{\scriptsize 19}{\scriptsize 20}{\scriptsize 21}{\scriptsize 22}{\scriptsize 23}{\scriptsize 24}{\scriptsize 25}{\scriptsize None}}{\scriptsize 23}}}}};
\draw (1.25, -12.75)
  node[draw, line width=0.02cm, , color=black,
       rounded corners=0cm, inner sep=0cm] {

\begin{minipage}[t][0.5cm]{2.5cm}
\mbox{}

\end{minipage}

};\draw (1.25, -12.75) node[color=black] {{\texttt{{\vphantom{$\text{ \scriptsize{ \( x \pmod{26} \) }}$$\text{ \scriptsize{ \( x^{-1} \pmod{26} \) } }${\scriptsize 0}{\scriptsize 1}{\scriptsize 2}{\scriptsize 3}{\scriptsize 4}{\scriptsize 5}{\scriptsize 6}{\scriptsize 7}{\scriptsize 8}{\scriptsize 9}{\scriptsize 10}{\scriptsize 11}{\scriptsize 12}{\scriptsize 13}{\scriptsize 14}{\scriptsize 15}{\scriptsize 16}{\scriptsize 17}{\scriptsize 18}{\scriptsize 19}{\scriptsize 20}{\scriptsize 21}{\scriptsize 22}{\scriptsize 23}{\scriptsize 24}{\scriptsize 25}{\scriptsize None}}{\scriptsize 24}}}}};
\draw (1.25, -13.25)
  node[draw, line width=0.02cm, , color=black,
       rounded corners=0cm, inner sep=0cm] {

\begin{minipage}[t][0.5cm]{2.5cm}
\mbox{}

\end{minipage}

};\draw (1.25, -13.25) node[color=black] {{\texttt{{\vphantom{$\text{ \scriptsize{ \( x \pmod{26} \) }}$$\text{ \scriptsize{ \( x^{-1} \pmod{26} \) } }${\scriptsize 0}{\scriptsize 1}{\scriptsize 2}{\scriptsize 3}{\scriptsize 4}{\scriptsize 5}{\scriptsize 6}{\scriptsize 7}{\scriptsize 8}{\scriptsize 9}{\scriptsize 10}{\scriptsize 11}{\scriptsize 12}{\scriptsize 13}{\scriptsize 14}{\scriptsize 15}{\scriptsize 16}{\scriptsize 17}{\scriptsize 18}{\scriptsize 19}{\scriptsize 20}{\scriptsize 21}{\scriptsize 22}{\scriptsize 23}{\scriptsize 24}{\scriptsize 25}{\scriptsize None}}{\scriptsize 25}}}}};\node[anchor=south] at (1.25,-0.49) {};\node[anchor=east] at (-0.01,-0.75) {};\node[anchor=east] at (-0.01,-1.25) {};\node[anchor=east] at (-0.01,-1.75) {};\node[anchor=east] at (-0.01,-2.25) {};\node[anchor=east] at (-0.01,-2.75) {};\node[anchor=east] at (-0.01,-3.25) {};\node[anchor=east] at (-0.01,-3.75) {};\node[anchor=east] at (-0.01,-4.25) {};\node[anchor=east] at (-0.01,-4.75) {};\node[anchor=east] at (-0.01,-5.25) {};\node[anchor=east] at (-0.01,-5.75) {};\node[anchor=east] at (-0.01,-6.25) {};\node[anchor=east] at (-0.01,-6.75) {};\node[anchor=east] at (-0.01,-7.25) {};\node[anchor=east] at (-0.01,-7.75) {};\node[anchor=east] at (-0.01,-8.25) {};\node[anchor=east] at (-0.01,-8.75) {};\node[anchor=east] at (-0.01,-9.25) {};\node[anchor=east] at (-0.01,-9.75) {};\node[anchor=east] at (-0.01,-10.25) {};\node[anchor=east] at (-0.01,-10.75) {};\node[anchor=east] at (-0.01,-11.25) {};\node[anchor=east] at (-0.01,-11.75) {};\node[anchor=east] at (-0.01,-12.25) {};\node[anchor=east] at (-0.01,-12.75) {};\node[anchor=east] at (-0.01,-13.25) {};
\draw (1.2499999999999998, -7.0)
  node[draw, line width=0.06cm, , color=black,
       rounded corners=0cm, inner sep=0cm] {

\begin{minipage}[t][13.02cm]{2.52cm}
\mbox{}

\end{minipage}

};
\draw (3.75, -0.75)
  node[draw, line width=0.02cm, , color=black,
       rounded corners=0cm, inner sep=0cm] {

\begin{minipage}[t][0.5cm]{2.5cm}
\mbox{}

\end{minipage}

};\draw (3.75, -0.75) node[color=black] {{\texttt{{\vphantom{$\text{ \scriptsize{ \( x \pmod{26} \) }}$$\text{ \scriptsize{ \( x^{-1} \pmod{26} \) } }${\scriptsize 0}{\scriptsize 1}{\scriptsize 2}{\scriptsize 3}{\scriptsize 4}{\scriptsize 5}{\scriptsize 6}{\scriptsize 7}{\scriptsize 8}{\scriptsize 9}{\scriptsize 10}{\scriptsize 11}{\scriptsize 12}{\scriptsize 13}{\scriptsize 14}{\scriptsize 15}{\scriptsize 16}{\scriptsize 17}{\scriptsize 18}{\scriptsize 19}{\scriptsize 20}{\scriptsize 21}{\scriptsize 22}{\scriptsize 23}{\scriptsize 24}{\scriptsize 25}{\scriptsize None}}{\scriptsize None}}}}};
\draw (3.75, -1.25)
  node[draw, line width=0.02cm, , color=black,
       rounded corners=0cm, inner sep=0cm] {

\begin{minipage}[t][0.5cm]{2.5cm}
\mbox{}

\end{minipage}

};\draw (3.75, -1.25) node[color=black] {{\texttt{{\vphantom{$\text{ \scriptsize{ \( x \pmod{26} \) }}$$\text{ \scriptsize{ \( x^{-1} \pmod{26} \) } }${\scriptsize 0}{\scriptsize 1}{\scriptsize 2}{\scriptsize 3}{\scriptsize 4}{\scriptsize 5}{\scriptsize 6}{\scriptsize 7}{\scriptsize 8}{\scriptsize 9}{\scriptsize 10}{\scriptsize 11}{\scriptsize 12}{\scriptsize 13}{\scriptsize 14}{\scriptsize 15}{\scriptsize 16}{\scriptsize 17}{\scriptsize 18}{\scriptsize 19}{\scriptsize 20}{\scriptsize 21}{\scriptsize 22}{\scriptsize 23}{\scriptsize 24}{\scriptsize 25}{\scriptsize None}}{\scriptsize 1}}}}};
\draw (3.75, -1.75)
  node[draw, line width=0.02cm, , color=black,
       rounded corners=0cm, inner sep=0cm] {

\begin{minipage}[t][0.5cm]{2.5cm}
\mbox{}

\end{minipage}

};\draw (3.75, -1.75) node[color=black] {{\texttt{{\vphantom{$\text{ \scriptsize{ \( x \pmod{26} \) }}$$\text{ \scriptsize{ \( x^{-1} \pmod{26} \) } }${\scriptsize 0}{\scriptsize 1}{\scriptsize 2}{\scriptsize 3}{\scriptsize 4}{\scriptsize 5}{\scriptsize 6}{\scriptsize 7}{\scriptsize 8}{\scriptsize 9}{\scriptsize 10}{\scriptsize 11}{\scriptsize 12}{\scriptsize 13}{\scriptsize 14}{\scriptsize 15}{\scriptsize 16}{\scriptsize 17}{\scriptsize 18}{\scriptsize 19}{\scriptsize 20}{\scriptsize 21}{\scriptsize 22}{\scriptsize 23}{\scriptsize 24}{\scriptsize 25}{\scriptsize None}}{\scriptsize None}}}}};
\draw (3.75, -2.25)
  node[draw, line width=0.02cm, , color=black,
       rounded corners=0cm, inner sep=0cm] {

\begin{minipage}[t][0.5cm]{2.5cm}
\mbox{}

\end{minipage}

};\draw (3.75, -2.25) node[color=black] {{\texttt{{\vphantom{$\text{ \scriptsize{ \( x \pmod{26} \) }}$$\text{ \scriptsize{ \( x^{-1} \pmod{26} \) } }${\scriptsize 0}{\scriptsize 1}{\scriptsize 2}{\scriptsize 3}{\scriptsize 4}{\scriptsize 5}{\scriptsize 6}{\scriptsize 7}{\scriptsize 8}{\scriptsize 9}{\scriptsize 10}{\scriptsize 11}{\scriptsize 12}{\scriptsize 13}{\scriptsize 14}{\scriptsize 15}{\scriptsize 16}{\scriptsize 17}{\scriptsize 18}{\scriptsize 19}{\scriptsize 20}{\scriptsize 21}{\scriptsize 22}{\scriptsize 23}{\scriptsize 24}{\scriptsize 25}{\scriptsize None}}{\scriptsize 9}}}}};
\draw (3.75, -2.75)
  node[draw, line width=0.02cm, , color=black,
       rounded corners=0cm, inner sep=0cm] {

\begin{minipage}[t][0.5cm]{2.5cm}
\mbox{}

\end{minipage}

};\draw (3.75, -2.75) node[color=black] {{\texttt{{\vphantom{$\text{ \scriptsize{ \( x \pmod{26} \) }}$$\text{ \scriptsize{ \( x^{-1} \pmod{26} \) } }${\scriptsize 0}{\scriptsize 1}{\scriptsize 2}{\scriptsize 3}{\scriptsize 4}{\scriptsize 5}{\scriptsize 6}{\scriptsize 7}{\scriptsize 8}{\scriptsize 9}{\scriptsize 10}{\scriptsize 11}{\scriptsize 12}{\scriptsize 13}{\scriptsize 14}{\scriptsize 15}{\scriptsize 16}{\scriptsize 17}{\scriptsize 18}{\scriptsize 19}{\scriptsize 20}{\scriptsize 21}{\scriptsize 22}{\scriptsize 23}{\scriptsize 24}{\scriptsize 25}{\scriptsize None}}{\scriptsize None}}}}};
\draw (3.75, -3.25)
  node[draw, line width=0.02cm, , color=black,
       rounded corners=0cm, inner sep=0cm] {

\begin{minipage}[t][0.5cm]{2.5cm}
\mbox{}

\end{minipage}

};\draw (3.75, -3.25) node[color=black] {{\texttt{{\vphantom{$\text{ \scriptsize{ \( x \pmod{26} \) }}$$\text{ \scriptsize{ \( x^{-1} \pmod{26} \) } }${\scriptsize 0}{\scriptsize 1}{\scriptsize 2}{\scriptsize 3}{\scriptsize 4}{\scriptsize 5}{\scriptsize 6}{\scriptsize 7}{\scriptsize 8}{\scriptsize 9}{\scriptsize 10}{\scriptsize 11}{\scriptsize 12}{\scriptsize 13}{\scriptsize 14}{\scriptsize 15}{\scriptsize 16}{\scriptsize 17}{\scriptsize 18}{\scriptsize 19}{\scriptsize 20}{\scriptsize 21}{\scriptsize 22}{\scriptsize 23}{\scriptsize 24}{\scriptsize 25}{\scriptsize None}}{\scriptsize 21}}}}};
\draw (3.75, -3.75)
  node[draw, line width=0.02cm, , color=black,
       rounded corners=0cm, inner sep=0cm] {

\begin{minipage}[t][0.5cm]{2.5cm}
\mbox{}

\end{minipage}

};\draw (3.75, -3.75) node[color=black] {{\texttt{{\vphantom{$\text{ \scriptsize{ \( x \pmod{26} \) }}$$\text{ \scriptsize{ \( x^{-1} \pmod{26} \) } }${\scriptsize 0}{\scriptsize 1}{\scriptsize 2}{\scriptsize 3}{\scriptsize 4}{\scriptsize 5}{\scriptsize 6}{\scriptsize 7}{\scriptsize 8}{\scriptsize 9}{\scriptsize 10}{\scriptsize 11}{\scriptsize 12}{\scriptsize 13}{\scriptsize 14}{\scriptsize 15}{\scriptsize 16}{\scriptsize 17}{\scriptsize 18}{\scriptsize 19}{\scriptsize 20}{\scriptsize 21}{\scriptsize 22}{\scriptsize 23}{\scriptsize 24}{\scriptsize 25}{\scriptsize None}}{\scriptsize None}}}}};
\draw (3.75, -4.25)
  node[draw, line width=0.02cm, , color=black,
       rounded corners=0cm, inner sep=0cm] {

\begin{minipage}[t][0.5cm]{2.5cm}
\mbox{}

\end{minipage}

};\draw (3.75, -4.25) node[color=black] {{\texttt{{\vphantom{$\text{ \scriptsize{ \( x \pmod{26} \) }}$$\text{ \scriptsize{ \( x^{-1} \pmod{26} \) } }${\scriptsize 0}{\scriptsize 1}{\scriptsize 2}{\scriptsize 3}{\scriptsize 4}{\scriptsize 5}{\scriptsize 6}{\scriptsize 7}{\scriptsize 8}{\scriptsize 9}{\scriptsize 10}{\scriptsize 11}{\scriptsize 12}{\scriptsize 13}{\scriptsize 14}{\scriptsize 15}{\scriptsize 16}{\scriptsize 17}{\scriptsize 18}{\scriptsize 19}{\scriptsize 20}{\scriptsize 21}{\scriptsize 22}{\scriptsize 23}{\scriptsize 24}{\scriptsize 25}{\scriptsize None}}{\scriptsize 15}}}}};
\draw (3.75, -4.75)
  node[draw, line width=0.02cm, , color=black,
       rounded corners=0cm, inner sep=0cm] {

\begin{minipage}[t][0.5cm]{2.5cm}
\mbox{}

\end{minipage}

};\draw (3.75, -4.75) node[color=black] {{\texttt{{\vphantom{$\text{ \scriptsize{ \( x \pmod{26} \) }}$$\text{ \scriptsize{ \( x^{-1} \pmod{26} \) } }${\scriptsize 0}{\scriptsize 1}{\scriptsize 2}{\scriptsize 3}{\scriptsize 4}{\scriptsize 5}{\scriptsize 6}{\scriptsize 7}{\scriptsize 8}{\scriptsize 9}{\scriptsize 10}{\scriptsize 11}{\scriptsize 12}{\scriptsize 13}{\scriptsize 14}{\scriptsize 15}{\scriptsize 16}{\scriptsize 17}{\scriptsize 18}{\scriptsize 19}{\scriptsize 20}{\scriptsize 21}{\scriptsize 22}{\scriptsize 23}{\scriptsize 24}{\scriptsize 25}{\scriptsize None}}{\scriptsize None}}}}};
\draw (3.75, -5.25)
  node[draw, line width=0.02cm, , color=black,
       rounded corners=0cm, inner sep=0cm] {

\begin{minipage}[t][0.5cm]{2.5cm}
\mbox{}

\end{minipage}

};\draw (3.75, -5.25) node[color=black] {{\texttt{{\vphantom{$\text{ \scriptsize{ \( x \pmod{26} \) }}$$\text{ \scriptsize{ \( x^{-1} \pmod{26} \) } }${\scriptsize 0}{\scriptsize 1}{\scriptsize 2}{\scriptsize 3}{\scriptsize 4}{\scriptsize 5}{\scriptsize 6}{\scriptsize 7}{\scriptsize 8}{\scriptsize 9}{\scriptsize 10}{\scriptsize 11}{\scriptsize 12}{\scriptsize 13}{\scriptsize 14}{\scriptsize 15}{\scriptsize 16}{\scriptsize 17}{\scriptsize 18}{\scriptsize 19}{\scriptsize 20}{\scriptsize 21}{\scriptsize 22}{\scriptsize 23}{\scriptsize 24}{\scriptsize 25}{\scriptsize None}}{\scriptsize 3}}}}};
\draw (3.75, -5.75)
  node[draw, line width=0.02cm, , color=black,
       rounded corners=0cm, inner sep=0cm] {

\begin{minipage}[t][0.5cm]{2.5cm}
\mbox{}

\end{minipage}

};\draw (3.75, -5.75) node[color=black] {{\texttt{{\vphantom{$\text{ \scriptsize{ \( x \pmod{26} \) }}$$\text{ \scriptsize{ \( x^{-1} \pmod{26} \) } }${\scriptsize 0}{\scriptsize 1}{\scriptsize 2}{\scriptsize 3}{\scriptsize 4}{\scriptsize 5}{\scriptsize 6}{\scriptsize 7}{\scriptsize 8}{\scriptsize 9}{\scriptsize 10}{\scriptsize 11}{\scriptsize 12}{\scriptsize 13}{\scriptsize 14}{\scriptsize 15}{\scriptsize 16}{\scriptsize 17}{\scriptsize 18}{\scriptsize 19}{\scriptsize 20}{\scriptsize 21}{\scriptsize 22}{\scriptsize 23}{\scriptsize 24}{\scriptsize 25}{\scriptsize None}}{\scriptsize None}}}}};
\draw (3.75, -6.25)
  node[draw, line width=0.02cm, , color=black,
       rounded corners=0cm, inner sep=0cm] {

\begin{minipage}[t][0.5cm]{2.5cm}
\mbox{}

\end{minipage}

};\draw (3.75, -6.25) node[color=black] {{\texttt{{\vphantom{$\text{ \scriptsize{ \( x \pmod{26} \) }}$$\text{ \scriptsize{ \( x^{-1} \pmod{26} \) } }${\scriptsize 0}{\scriptsize 1}{\scriptsize 2}{\scriptsize 3}{\scriptsize 4}{\scriptsize 5}{\scriptsize 6}{\scriptsize 7}{\scriptsize 8}{\scriptsize 9}{\scriptsize 10}{\scriptsize 11}{\scriptsize 12}{\scriptsize 13}{\scriptsize 14}{\scriptsize 15}{\scriptsize 16}{\scriptsize 17}{\scriptsize 18}{\scriptsize 19}{\scriptsize 20}{\scriptsize 21}{\scriptsize 22}{\scriptsize 23}{\scriptsize 24}{\scriptsize 25}{\scriptsize None}}{\scriptsize 19}}}}};
\draw (3.75, -6.75)
  node[draw, line width=0.02cm, , color=black,
       rounded corners=0cm, inner sep=0cm] {

\begin{minipage}[t][0.5cm]{2.5cm}
\mbox{}

\end{minipage}

};\draw (3.75, -6.75) node[color=black] {{\texttt{{\vphantom{$\text{ \scriptsize{ \( x \pmod{26} \) }}$$\text{ \scriptsize{ \( x^{-1} \pmod{26} \) } }${\scriptsize 0}{\scriptsize 1}{\scriptsize 2}{\scriptsize 3}{\scriptsize 4}{\scriptsize 5}{\scriptsize 6}{\scriptsize 7}{\scriptsize 8}{\scriptsize 9}{\scriptsize 10}{\scriptsize 11}{\scriptsize 12}{\scriptsize 13}{\scriptsize 14}{\scriptsize 15}{\scriptsize 16}{\scriptsize 17}{\scriptsize 18}{\scriptsize 19}{\scriptsize 20}{\scriptsize 21}{\scriptsize 22}{\scriptsize 23}{\scriptsize 24}{\scriptsize 25}{\scriptsize None}}{\scriptsize None}}}}};
\draw (3.75, -7.25)
  node[draw, line width=0.02cm, , color=black,
       rounded corners=0cm, inner sep=0cm] {

\begin{minipage}[t][0.5cm]{2.5cm}
\mbox{}

\end{minipage}

};\draw (3.75, -7.25) node[color=black] {{\texttt{{\vphantom{$\text{ \scriptsize{ \( x \pmod{26} \) }}$$\text{ \scriptsize{ \( x^{-1} \pmod{26} \) } }${\scriptsize 0}{\scriptsize 1}{\scriptsize 2}{\scriptsize 3}{\scriptsize 4}{\scriptsize 5}{\scriptsize 6}{\scriptsize 7}{\scriptsize 8}{\scriptsize 9}{\scriptsize 10}{\scriptsize 11}{\scriptsize 12}{\scriptsize 13}{\scriptsize 14}{\scriptsize 15}{\scriptsize 16}{\scriptsize 17}{\scriptsize 18}{\scriptsize 19}{\scriptsize 20}{\scriptsize 21}{\scriptsize 22}{\scriptsize 23}{\scriptsize 24}{\scriptsize 25}{\scriptsize None}}{\scriptsize None}}}}};
\draw (3.75, -7.75)
  node[draw, line width=0.02cm, , color=black,
       rounded corners=0cm, inner sep=0cm] {

\begin{minipage}[t][0.5cm]{2.5cm}
\mbox{}

\end{minipage}

};\draw (3.75, -7.75) node[color=black] {{\texttt{{\vphantom{$\text{ \scriptsize{ \( x \pmod{26} \) }}$$\text{ \scriptsize{ \( x^{-1} \pmod{26} \) } }${\scriptsize 0}{\scriptsize 1}{\scriptsize 2}{\scriptsize 3}{\scriptsize 4}{\scriptsize 5}{\scriptsize 6}{\scriptsize 7}{\scriptsize 8}{\scriptsize 9}{\scriptsize 10}{\scriptsize 11}{\scriptsize 12}{\scriptsize 13}{\scriptsize 14}{\scriptsize 15}{\scriptsize 16}{\scriptsize 17}{\scriptsize 18}{\scriptsize 19}{\scriptsize 20}{\scriptsize 21}{\scriptsize 22}{\scriptsize 23}{\scriptsize 24}{\scriptsize 25}{\scriptsize None}}{\scriptsize None}}}}};
\draw (3.75, -8.25)
  node[draw, line width=0.02cm, , color=black,
       rounded corners=0cm, inner sep=0cm] {

\begin{minipage}[t][0.5cm]{2.5cm}
\mbox{}

\end{minipage}

};\draw (3.75, -8.25) node[color=black] {{\texttt{{\vphantom{$\text{ \scriptsize{ \( x \pmod{26} \) }}$$\text{ \scriptsize{ \( x^{-1} \pmod{26} \) } }${\scriptsize 0}{\scriptsize 1}{\scriptsize 2}{\scriptsize 3}{\scriptsize 4}{\scriptsize 5}{\scriptsize 6}{\scriptsize 7}{\scriptsize 8}{\scriptsize 9}{\scriptsize 10}{\scriptsize 11}{\scriptsize 12}{\scriptsize 13}{\scriptsize 14}{\scriptsize 15}{\scriptsize 16}{\scriptsize 17}{\scriptsize 18}{\scriptsize 19}{\scriptsize 20}{\scriptsize 21}{\scriptsize 22}{\scriptsize 23}{\scriptsize 24}{\scriptsize 25}{\scriptsize None}}{\scriptsize 7}}}}};
\draw (3.75, -8.75)
  node[draw, line width=0.02cm, , color=black,
       rounded corners=0cm, inner sep=0cm] {

\begin{minipage}[t][0.5cm]{2.5cm}
\mbox{}

\end{minipage}

};\draw (3.75, -8.75) node[color=black] {{\texttt{{\vphantom{$\text{ \scriptsize{ \( x \pmod{26} \) }}$$\text{ \scriptsize{ \( x^{-1} \pmod{26} \) } }${\scriptsize 0}{\scriptsize 1}{\scriptsize 2}{\scriptsize 3}{\scriptsize 4}{\scriptsize 5}{\scriptsize 6}{\scriptsize 7}{\scriptsize 8}{\scriptsize 9}{\scriptsize 10}{\scriptsize 11}{\scriptsize 12}{\scriptsize 13}{\scriptsize 14}{\scriptsize 15}{\scriptsize 16}{\scriptsize 17}{\scriptsize 18}{\scriptsize 19}{\scriptsize 20}{\scriptsize 21}{\scriptsize 22}{\scriptsize 23}{\scriptsize 24}{\scriptsize 25}{\scriptsize None}}{\scriptsize None}}}}};
\draw (3.75, -9.25)
  node[draw, line width=0.02cm, , color=black,
       rounded corners=0cm, inner sep=0cm] {

\begin{minipage}[t][0.5cm]{2.5cm}
\mbox{}

\end{minipage}

};\draw (3.75, -9.25) node[color=black] {{\texttt{{\vphantom{$\text{ \scriptsize{ \( x \pmod{26} \) }}$$\text{ \scriptsize{ \( x^{-1} \pmod{26} \) } }${\scriptsize 0}{\scriptsize 1}{\scriptsize 2}{\scriptsize 3}{\scriptsize 4}{\scriptsize 5}{\scriptsize 6}{\scriptsize 7}{\scriptsize 8}{\scriptsize 9}{\scriptsize 10}{\scriptsize 11}{\scriptsize 12}{\scriptsize 13}{\scriptsize 14}{\scriptsize 15}{\scriptsize 16}{\scriptsize 17}{\scriptsize 18}{\scriptsize 19}{\scriptsize 20}{\scriptsize 21}{\scriptsize 22}{\scriptsize 23}{\scriptsize 24}{\scriptsize 25}{\scriptsize None}}{\scriptsize 23}}}}};
\draw (3.75, -9.75)
  node[draw, line width=0.02cm, , color=black,
       rounded corners=0cm, inner sep=0cm] {

\begin{minipage}[t][0.5cm]{2.5cm}
\mbox{}

\end{minipage}

};\draw (3.75, -9.75) node[color=black] {{\texttt{{\vphantom{$\text{ \scriptsize{ \( x \pmod{26} \) }}$$\text{ \scriptsize{ \( x^{-1} \pmod{26} \) } }${\scriptsize 0}{\scriptsize 1}{\scriptsize 2}{\scriptsize 3}{\scriptsize 4}{\scriptsize 5}{\scriptsize 6}{\scriptsize 7}{\scriptsize 8}{\scriptsize 9}{\scriptsize 10}{\scriptsize 11}{\scriptsize 12}{\scriptsize 13}{\scriptsize 14}{\scriptsize 15}{\scriptsize 16}{\scriptsize 17}{\scriptsize 18}{\scriptsize 19}{\scriptsize 20}{\scriptsize 21}{\scriptsize 22}{\scriptsize 23}{\scriptsize 24}{\scriptsize 25}{\scriptsize None}}{\scriptsize None}}}}};
\draw (3.75, -10.25)
  node[draw, line width=0.02cm, , color=black,
       rounded corners=0cm, inner sep=0cm] {

\begin{minipage}[t][0.5cm]{2.5cm}
\mbox{}

\end{minipage}

};\draw (3.75, -10.25) node[color=black] {{\texttt{{\vphantom{$\text{ \scriptsize{ \( x \pmod{26} \) }}$$\text{ \scriptsize{ \( x^{-1} \pmod{26} \) } }${\scriptsize 0}{\scriptsize 1}{\scriptsize 2}{\scriptsize 3}{\scriptsize 4}{\scriptsize 5}{\scriptsize 6}{\scriptsize 7}{\scriptsize 8}{\scriptsize 9}{\scriptsize 10}{\scriptsize 11}{\scriptsize 12}{\scriptsize 13}{\scriptsize 14}{\scriptsize 15}{\scriptsize 16}{\scriptsize 17}{\scriptsize 18}{\scriptsize 19}{\scriptsize 20}{\scriptsize 21}{\scriptsize 22}{\scriptsize 23}{\scriptsize 24}{\scriptsize 25}{\scriptsize None}}{\scriptsize 11}}}}};
\draw (3.75, -10.75)
  node[draw, line width=0.02cm, , color=black,
       rounded corners=0cm, inner sep=0cm] {

\begin{minipage}[t][0.5cm]{2.5cm}
\mbox{}

\end{minipage}

};\draw (3.75, -10.75) node[color=black] {{\texttt{{\vphantom{$\text{ \scriptsize{ \( x \pmod{26} \) }}$$\text{ \scriptsize{ \( x^{-1} \pmod{26} \) } }${\scriptsize 0}{\scriptsize 1}{\scriptsize 2}{\scriptsize 3}{\scriptsize 4}{\scriptsize 5}{\scriptsize 6}{\scriptsize 7}{\scriptsize 8}{\scriptsize 9}{\scriptsize 10}{\scriptsize 11}{\scriptsize 12}{\scriptsize 13}{\scriptsize 14}{\scriptsize 15}{\scriptsize 16}{\scriptsize 17}{\scriptsize 18}{\scriptsize 19}{\scriptsize 20}{\scriptsize 21}{\scriptsize 22}{\scriptsize 23}{\scriptsize 24}{\scriptsize 25}{\scriptsize None}}{\scriptsize None}}}}};
\draw (3.75, -11.25)
  node[draw, line width=0.02cm, , color=black,
       rounded corners=0cm, inner sep=0cm] {

\begin{minipage}[t][0.5cm]{2.5cm}
\mbox{}

\end{minipage}

};\draw (3.75, -11.25) node[color=black] {{\texttt{{\vphantom{$\text{ \scriptsize{ \( x \pmod{26} \) }}$$\text{ \scriptsize{ \( x^{-1} \pmod{26} \) } }${\scriptsize 0}{\scriptsize 1}{\scriptsize 2}{\scriptsize 3}{\scriptsize 4}{\scriptsize 5}{\scriptsize 6}{\scriptsize 7}{\scriptsize 8}{\scriptsize 9}{\scriptsize 10}{\scriptsize 11}{\scriptsize 12}{\scriptsize 13}{\scriptsize 14}{\scriptsize 15}{\scriptsize 16}{\scriptsize 17}{\scriptsize 18}{\scriptsize 19}{\scriptsize 20}{\scriptsize 21}{\scriptsize 22}{\scriptsize 23}{\scriptsize 24}{\scriptsize 25}{\scriptsize None}}{\scriptsize 5}}}}};
\draw (3.75, -11.75)
  node[draw, line width=0.02cm, , color=black,
       rounded corners=0cm, inner sep=0cm] {

\begin{minipage}[t][0.5cm]{2.5cm}
\mbox{}

\end{minipage}

};\draw (3.75, -11.75) node[color=black] {{\texttt{{\vphantom{$\text{ \scriptsize{ \( x \pmod{26} \) }}$$\text{ \scriptsize{ \( x^{-1} \pmod{26} \) } }${\scriptsize 0}{\scriptsize 1}{\scriptsize 2}{\scriptsize 3}{\scriptsize 4}{\scriptsize 5}{\scriptsize 6}{\scriptsize 7}{\scriptsize 8}{\scriptsize 9}{\scriptsize 10}{\scriptsize 11}{\scriptsize 12}{\scriptsize 13}{\scriptsize 14}{\scriptsize 15}{\scriptsize 16}{\scriptsize 17}{\scriptsize 18}{\scriptsize 19}{\scriptsize 20}{\scriptsize 21}{\scriptsize 22}{\scriptsize 23}{\scriptsize 24}{\scriptsize 25}{\scriptsize None}}{\scriptsize None}}}}};
\draw (3.75, -12.25)
  node[draw, line width=0.02cm, , color=black,
       rounded corners=0cm, inner sep=0cm] {

\begin{minipage}[t][0.5cm]{2.5cm}
\mbox{}

\end{minipage}

};\draw (3.75, -12.25) node[color=black] {{\texttt{{\vphantom{$\text{ \scriptsize{ \( x \pmod{26} \) }}$$\text{ \scriptsize{ \( x^{-1} \pmod{26} \) } }${\scriptsize 0}{\scriptsize 1}{\scriptsize 2}{\scriptsize 3}{\scriptsize 4}{\scriptsize 5}{\scriptsize 6}{\scriptsize 7}{\scriptsize 8}{\scriptsize 9}{\scriptsize 10}{\scriptsize 11}{\scriptsize 12}{\scriptsize 13}{\scriptsize 14}{\scriptsize 15}{\scriptsize 16}{\scriptsize 17}{\scriptsize 18}{\scriptsize 19}{\scriptsize 20}{\scriptsize 21}{\scriptsize 22}{\scriptsize 23}{\scriptsize 24}{\scriptsize 25}{\scriptsize None}}{\scriptsize 17}}}}};
\draw (3.75, -12.75)
  node[draw, line width=0.02cm, , color=black,
       rounded corners=0cm, inner sep=0cm] {

\begin{minipage}[t][0.5cm]{2.5cm}
\mbox{}

\end{minipage}

};\draw (3.75, -12.75) node[color=black] {{\texttt{{\vphantom{$\text{ \scriptsize{ \( x \pmod{26} \) }}$$\text{ \scriptsize{ \( x^{-1} \pmod{26} \) } }${\scriptsize 0}{\scriptsize 1}{\scriptsize 2}{\scriptsize 3}{\scriptsize 4}{\scriptsize 5}{\scriptsize 6}{\scriptsize 7}{\scriptsize 8}{\scriptsize 9}{\scriptsize 10}{\scriptsize 11}{\scriptsize 12}{\scriptsize 13}{\scriptsize 14}{\scriptsize 15}{\scriptsize 16}{\scriptsize 17}{\scriptsize 18}{\scriptsize 19}{\scriptsize 20}{\scriptsize 21}{\scriptsize 22}{\scriptsize 23}{\scriptsize 24}{\scriptsize 25}{\scriptsize None}}{\scriptsize None}}}}};
\draw (3.75, -13.25)
  node[draw, line width=0.02cm, , color=black,
       rounded corners=0cm, inner sep=0cm] {

\begin{minipage}[t][0.5cm]{2.5cm}
\mbox{}

\end{minipage}

};\draw (3.75, -13.25) node[color=black] {{\texttt{{\vphantom{$\text{ \scriptsize{ \( x \pmod{26} \) }}$$\text{ \scriptsize{ \( x^{-1} \pmod{26} \) } }${\scriptsize 0}{\scriptsize 1}{\scriptsize 2}{\scriptsize 3}{\scriptsize 4}{\scriptsize 5}{\scriptsize 6}{\scriptsize 7}{\scriptsize 8}{\scriptsize 9}{\scriptsize 10}{\scriptsize 11}{\scriptsize 12}{\scriptsize 13}{\scriptsize 14}{\scriptsize 15}{\scriptsize 16}{\scriptsize 17}{\scriptsize 18}{\scriptsize 19}{\scriptsize 20}{\scriptsize 21}{\scriptsize 22}{\scriptsize 23}{\scriptsize 24}{\scriptsize 25}{\scriptsize None}}{\scriptsize 25}}}}};\node[anchor=south] at (3.75,-0.49) {};\node[anchor=east] at (2.49,-0.75) {};\node[anchor=east] at (2.49,-1.25) {};\node[anchor=east] at (2.49,-1.75) {};\node[anchor=east] at (2.49,-2.25) {};\node[anchor=east] at (2.49,-2.75) {};\node[anchor=east] at (2.49,-3.25) {};\node[anchor=east] at (2.49,-3.75) {};\node[anchor=east] at (2.49,-4.25) {};\node[anchor=east] at (2.49,-4.75) {};\node[anchor=east] at (2.49,-5.25) {};\node[anchor=east] at (2.49,-5.75) {};\node[anchor=east] at (2.49,-6.25) {};\node[anchor=east] at (2.49,-6.75) {};\node[anchor=east] at (2.49,-7.25) {};\node[anchor=east] at (2.49,-7.75) {};\node[anchor=east] at (2.49,-8.25) {};\node[anchor=east] at (2.49,-8.75) {};\node[anchor=east] at (2.49,-9.25) {};\node[anchor=east] at (2.49,-9.75) {};\node[anchor=east] at (2.49,-10.25) {};\node[anchor=east] at (2.49,-10.75) {};\node[anchor=east] at (2.49,-11.25) {};\node[anchor=east] at (2.49,-11.75) {};\node[anchor=east] at (2.49,-12.25) {};\node[anchor=east] at (2.49,-12.75) {};\node[anchor=east] at (2.49,-13.25) {};
\draw (3.75, -7.0)
  node[draw, line width=0.06cm, , color=black,
       rounded corners=0cm, inner sep=0cm] {

\begin{minipage}[t][13.02cm]{2.52cm}
\mbox{}

\end{minipage}

};
\end{tikzpicture}

\end{center}

